<?xml version="1.0" encoding="UTF-8"?>
<testsuite xmlns:xsi="http://www.w3.org/2001/XMLSchema-instance" xsi:noNamespaceSchemaLocation="https://maven.apache.org/surefire/maven-surefire-plugin/xsd/surefire-test-report-3.0.xsd" version="3.0" name="com.onlyglobal.MessageTest" time="22.613" tests="8" errors="0" skipped="0" failures="2">
  <properties>
[...]
</properties>
  <testcase name="testReturnTotalMessages" classname="com.onlyglobal.MessageTest" time="16.396"/>
  <testcase name="testCheckRecipientCellSuccess" classname="com.onlyglobal.MessageTest" time="0.0"/>
  <testcase name="testMessageTooLong" classname="com.onlyglobal.MessageTest" time="3.275">
    <failure message="expected: &lt;Message failed&gt; but was: &lt;Message sent&gt;" type="org.opentest4j.AssertionFailedError"><![CDATA[org.opentest4j.AssertionFailedError: expected: <Message failed> but was: <Message sent>
	at org.junit.jupiter.api.AssertionFailureBuilder.build(AssertionFailureBuilder.java:151)
	at org.junit.jupiter.api.AssertionFailureBuilder.buildAndThrow(AssertionFailureBuilder.java:132)
	at org.junit.jupiter.api.AssertEquals.failNotEqual(AssertEquals.java:197)
	at org.junit.jupiter.api.AssertEquals.assertEquals(AssertEquals.java:182)
	at org.junit.jupiter.api.AssertEquals.assertEquals(AssertEquals.java:177)
	at org.junit.jupiter.api.Assertions.assertEquals(Assertions.java:1145)
	at com.onlyglobal.MessageTest.testMessageTooLong(MessageTest.java:18)
	at java.base/java.lang.reflect.Method.invoke(Method.java:580)
	at java.base/java.util.ArrayList.forEach(ArrayList.java:1597)
	at java.base/java.util.ArrayList.forEach(ArrayList.java:1597)
]]></failure>
  </testcase>
  <testcase name="testCheckMessageIDInvalid" classname="com.onlyglobal.MessageTest" time="0.002"/>
  <testcase name="testCheckMessageIDValid" classname="com.onlyglobal.MessageTest" time="0.001"/>
  <testcase name="testCheckRecipientCellFailure" classname="com.onlyglobal.MessageTest" time="0.0"/>
  <testcase name="testValidMessageLength" classname="com.onlyglobal.MessageTest" time="2.908">
    <failure message="expected: &lt;Message sent&gt; but was: &lt;Message disregarded&gt;" type="org.opentest4j.AssertionFailedError"><![CDATA[org.opentest4j.AssertionFailedError: expected: <Message sent> but was: <Message disregarded>
	at org.junit.jupiter.api.AssertionFailureBuilder.build(AssertionFailureBuilder.java:151)
	at org.junit.jupiter.api.AssertionFailureBuilder.buildAndThrow(AssertionFailureBuilder.java:132)
	at org.junit.jupiter.api.AssertEquals.failNotEqual(AssertEquals.java:197)
	at org.junit.jupiter.api.AssertEquals.assertEquals(AssertEquals.java:182)
	at org.junit.jupiter.api.AssertEquals.assertEquals(AssertEquals.java:177)
	at org.junit.jupiter.api.Assertions.assertEquals(Assertions.java:1145)
	at com.onlyglobal.MessageTest.testValidMessageLength(MessageTest.java:11)
	at java.base/java.lang.reflect.Method.invoke(Method.java:580)
	at java.base/java.util.ArrayList.forEach(ArrayList.java:1597)
	at java.base/java.util.ArrayList.forEach(ArrayList.java:1597)
]]></failure>
  </testcase>
  <testcase name="testCreateMessageHash" classname="com.onlyglobal.MessageTest" time="0.0"/>
</testsuite>